Using pre-set license
Built from '2020.3/release' branch; Version is '2020.3.15f2 (6cf78cb77498) revision 7141260'; Using compiler version '192528614'; Build Type 'Release'
OS: 'Windows 10 Pro; OS build 19042.1237; Version 2009; 64bit' Language: 'en' Physical Memory: 7992 MB
BatchMode: 1, IsHumanControllingUs: 0, StartBugReporterOnCrash: 0, Is64bit: 1, IsPro: 0

 COMMAND LINE ARGUMENTS:
E:\7aspatPrograms\Unity\Editor\2020.3.15f2\Editor\Unity.exe
-adb2
-batchMode
-noUpm
-name
AssetImportWorker0
-projectPath
E:/finally apps/Unity/ARFoundation Linkedin Course/ARFaceTracking
-logFile
Logs/AssetImportWorker0.log
-srvPort
65289
Successfully changed project path to: E:/finally apps/Unity/ARFoundation Linkedin Course/ARFaceTracking
E:/finally apps/Unity/ARFoundation Linkedin Course/ARFaceTracking
Using Asset Import Pipeline V2.
Refreshing native plugins compatible for Editor in 40.69 ms, found 2 plugins.
Preloading 0 native plugins for Editor in 0.00 ms.
Initialize engine version: 2020.3.15f2 (6cf78cb77498)
[Subsystems] Discovering subsystems at path E:/7aspatPrograms/Unity/Editor/2020.3.15f2/Editor/Data/Resources/UnitySubsystems
[Subsystems] Discovering subsystems at path E:/finally apps/Unity/ARFoundation Linkedin Course/ARFaceTracking/Assets
GfxDevice: creating device client; threaded=0
Direct3D:
    Version:  Direct3D 11.0 [level 11.1]
    Renderer: AMD Radeon R7 M440 (ID=0x6900)
    Vendor:   
    VRAM:     4086 MB
    Driver:   27.20.20903.8001
Initialize mono
Mono path[0] = 'E:/7aspatPrograms/Unity/Editor/2020.3.15f2/Editor/Data/Managed'
Mono path[1] = 'E:/7aspatPrograms/Unity/Editor/2020.3.15f2/Editor/Data/MonoBleedingEdge/lib/mono/unityjit'
Mono config path = 'E:/7aspatPrograms/Unity/Editor/2020.3.15f2/Editor/Data/MonoBleedingEdge/etc'
Using monoOptions --debugger-agent=transport=dt_socket,embedding=1,server=y,suspend=n,address=127.0.0.1:56508
Begin MonoManager ReloadAssembly
Registering precompiled unity dll's ...
Register platform support module: E:/7aspatPrograms/Unity/Editor/2020.3.15f2/Editor/Data/PlaybackEngines/WebGLSupport/UnityEditor.WebGL.Extensions.dll
Register platform support module: E:/7aspatPrograms/Unity/Editor/2020.3.15f2/Editor/Data/PlaybackEngines/WindowsStandaloneSupport/UnityEditor.WindowsStandalone.Extensions.dll
Registered in 0.001593 seconds.
Native extension for WindowsStandalone target not found
Native extension for WebGL target not found
Refreshing native plugins compatible for Editor in 34.60 ms, found 2 plugins.
Preloading 0 native plugins for Editor in 0.00 ms.
Mono: successfully reloaded assembly
- Completed reload, in  2.717 seconds
Domain Reload Profiling:
	ReloadAssembly (2717ms)
		BeginReloadAssembly (61ms)
			ExecutionOrderSort (0ms)
			DisableScriptedObjects (0ms)
			BackupInstance (0ms)
			ReleaseScriptingObjects (0ms)
			CreateAndSetChildDomain (1ms)
		EndReloadAssembly (451ms)
			LoadAssemblies (59ms)
			RebuildTransferFunctionScriptingTraits (0ms)
			SetupTypeCache (171ms)
			ReleaseScriptCaches (0ms)
			RebuildScriptCaches (36ms)
			SetupLoadedEditorAssemblies (167ms)
				LogAssemblyErrors (0ms)
				InitializePlatformSupportModulesInManaged (5ms)
				SetLoadedEditorAssemblies (0ms)
				RefreshPlugins (35ms)
				BeforeProcessingInitializeOnLoad (14ms)
				ProcessInitializeOnLoadAttributes (85ms)
				ProcessInitializeOnLoadMethodAttributes (28ms)
				AfterProcessingInitializeOnLoad (0ms)
				EditorAssembliesLoaded (0ms)
			ExecutionOrderSort2 (0ms)
			AwakeInstancesAfterBackupRestoration (0ms)
Platform modules already initialized, skipping
Registering precompiled user dll's ...
Registered in 0.003051 seconds.
Begin MonoManager ReloadAssembly
Native extension for WindowsStandalone target not found
Native extension for WebGL target not found
Refreshing native plugins compatible for Editor in 0.49 ms, found 2 plugins.
Preloading 0 native plugins for Editor in 0.00 ms.
Mono: successfully reloaded assembly
- Completed reload, in  1.444 seconds
Domain Reload Profiling:
	ReloadAssembly (1444ms)
		BeginReloadAssembly (160ms)
			ExecutionOrderSort (0ms)
			DisableScriptedObjects (5ms)
			BackupInstance (0ms)
			ReleaseScriptingObjects (0ms)
			CreateAndSetChildDomain (24ms)
		EndReloadAssembly (1222ms)
			LoadAssemblies (91ms)
			RebuildTransferFunctionScriptingTraits (0ms)
			SetupTypeCache (294ms)
			ReleaseScriptCaches (0ms)
			RebuildScriptCaches (50ms)
			SetupLoadedEditorAssemblies (672ms)
				LogAssemblyErrors (0ms)
				InitializePlatformSupportModulesInManaged (6ms)
				SetLoadedEditorAssemblies (0ms)
				RefreshPlugins (1ms)
				BeforeProcessingInitializeOnLoad (112ms)
				ProcessInitializeOnLoadAttributes (547ms)
				ProcessInitializeOnLoadMethodAttributes (4ms)
				AfterProcessingInitializeOnLoad (3ms)
				EditorAssembliesLoaded (0ms)
			ExecutionOrderSort2 (0ms)
			AwakeInstancesAfterBackupRestoration (7ms)
Platform modules already initialized, skipping
========================================================================
Worker process is ready to serve import requests
Launched and connected shader compiler UnityShaderCompiler.exe after 0.08 seconds
Refreshing native plugins compatible for Editor in 0.60 ms, found 2 plugins.
Preloading 0 native plugins for Editor in 0.00 ms.
Unloading 1804 Unused Serialized files (Serialized files now loaded: 0)
System memory in use before: 88.3 MB.
System memory in use after: 88.3 MB.

Unloading 23 unused Assets to reduce memory usage. Loaded Objects now: 2234.
Total: 3.041400 ms (FindLiveObjects: 0.201100 ms CreateObjectMapping: 0.069900 ms MarkObjects: 2.670000 ms  DeleteObjects: 0.098900 ms)

AssetImportParameters requested are different than current active one (requested -> active):
  custom:framework-win-MediaFoundation: 216162199b28c13a410421893ffa2e32 -> 
  custom:video-decoder-ogg-theora: a1e56fd34408186e4bbccfd4996cb3dc -> 
  custom:container-muxer-webm: aa71ff27fc2769a1b78a27578f13a17b -> 
  custom:container-demuxer-webm: 4f35f7cbe854078d1ac9338744f61a02 -> 
  custom:container-demuxer-ogg: 62fdf1f143b41e24485cea50d1cbac27 -> 
  custom:video-encoder-webm-vp8: eb34c28f22e8b96e1ab97ce403110664 -> 
  custom:video-decoder-webm-vp8: 9c59270c3fd7afecdb556c50c9e8de78 -> 
  custom:audio-decoder-ogg-vorbis: bf7c407c2cedff20999df2af8eb42d56 -> 
  custom:audio-encoder-webm-vorbis: bf7c407c2cedff20999df2af8eb42d56 -> 
========================================================================
Received Import Request.
  path: Assets/XR/Loaders/AR Core Loader.asset
  artifactKey: Guid(28a654a1c00117d448f489beed85ff7e) Importer(815301076,1909f56bfc062723c751e8b465ee728b)
Start importing Assets/XR/Loaders/AR Core Loader.asset using Guid(28a654a1c00117d448f489beed85ff7e) Importer(815301076,1909f56bfc062723c751e8b465ee728b)  -> (artifact id: '4fa9ced3d7a017b823d0c367e485b3c5') in 0.035601 seconds 
  Import took 0.039056 seconds .

========================================================================
Received Import Request.
  Time since last request: 0.000235 seconds.
  path: Assets/XR/Loaders/AR Kit Loader.asset
  artifactKey: Guid(39330aee8b9c357428a7bb4934d5d745) Importer(815301076,1909f56bfc062723c751e8b465ee728b)
Start importing Assets/XR/Loaders/AR Kit Loader.asset using Guid(39330aee8b9c357428a7bb4934d5d745) Importer(815301076,1909f56bfc062723c751e8b465ee728b)  -> (artifact id: 'd7f2b4e81255e8683e63767495dc3d43') in 0.008959 seconds 
  Import took 0.012796 seconds .

========================================================================
Received Import Request.
  Time since last request: 0.000263 seconds.
  path: Assets/XR/Settings/AR Kit Settings.asset
  artifactKey: Guid(b61b753b645002047938d44ba3d73a21) Importer(815301076,1909f56bfc062723c751e8b465ee728b)
Start importing Assets/XR/Settings/AR Kit Settings.asset using Guid(b61b753b645002047938d44ba3d73a21) Importer(815301076,1909f56bfc062723c751e8b465ee728b)  -> (artifact id: 'd57b75ed95795aab3d466ab4b2b4d3d1') in 0.044389 seconds 
  Import took 0.053261 seconds .

========================================================================
Received Import Request.
  Time since last request: 0.000500 seconds.
  path: Assets/XR/Settings/AR Core Settings.asset
  artifactKey: Guid(ebef88b8bd014a843acf84d71d06b977) Importer(815301076,1909f56bfc062723c751e8b465ee728b)
Start importing Assets/XR/Settings/AR Core Settings.asset using Guid(ebef88b8bd014a843acf84d71d06b977) Importer(815301076,1909f56bfc062723c751e8b465ee728b)  -> (artifact id: '688a24dbd27fe023c6e3741bd6ab9bf8') in 0.016363 seconds 
  Import took 0.020886 seconds .

========================================================================
Received Prepare
Registering precompiled user dll's ...
Registered in 0.002837 seconds.
Begin MonoManager ReloadAssembly
Native extension for WindowsStandalone target not found
Native extension for WebGL target not found
Refreshing native plugins compatible for Editor in 33.33 ms, found 2 plugins.
Preloading 0 native plugins for Editor in 0.00 ms.
Mono: successfully reloaded assembly
- Completed reload, in  1.231 seconds
Domain Reload Profiling:
	ReloadAssembly (1232ms)
		BeginReloadAssembly (121ms)
			ExecutionOrderSort (0ms)
			DisableScriptedObjects (5ms)
			BackupInstance (0ms)
			ReleaseScriptingObjects (0ms)
			CreateAndSetChildDomain (35ms)
		EndReloadAssembly (1046ms)
			LoadAssemblies (89ms)
			RebuildTransferFunctionScriptingTraits (0ms)
			SetupTypeCache (342ms)
			ReleaseScriptCaches (1ms)
			RebuildScriptCaches (44ms)
			SetupLoadedEditorAssemblies (427ms)
				LogAssemblyErrors (0ms)
				InitializePlatformSupportModulesInManaged (5ms)
				SetLoadedEditorAssemblies (0ms)
				RefreshPlugins (33ms)
				BeforeProcessingInitializeOnLoad (99ms)
				ProcessInitializeOnLoadAttributes (283ms)
				ProcessInitializeOnLoadMethodAttributes (4ms)
				AfterProcessingInitializeOnLoad (3ms)
				EditorAssembliesLoaded (0ms)
			ExecutionOrderSort2 (0ms)
			AwakeInstancesAfterBackupRestoration (6ms)
Platform modules already initialized, skipping
Switching build target platform(19) subTarget(0) extendedPlatform(0) -> platform(13) subTarget(524288) extendedPlatform(0)
Refreshing native plugins compatible for Editor in 1.26 ms, found 2 plugins.
Preloading 0 native plugins for Editor in 0.00 ms.
Unloading 1803 Unused Serialized files (Serialized files now loaded: 0)
System memory in use before: 88.2 MB.
System memory in use after: 88.2 MB.

Unloading 17 unused Assets to reduce memory usage. Loaded Objects now: 2252.
Total: 8.325600 ms (FindLiveObjects: 0.683200 ms CreateObjectMapping: 0.257500 ms MarkObjects: 7.263600 ms  DeleteObjects: 0.118100 ms)

AssetImportParameters requested are different than current active one (requested -> active):
  custom:framework-win-MediaFoundation: 216162199b28c13a410421893ffa2e32 -> 
  custom:video-decoder-ogg-theora: a1e56fd34408186e4bbccfd4996cb3dc -> 
  custom:container-muxer-webm: aa71ff27fc2769a1b78a27578f13a17b -> 
  custom:container-demuxer-webm: 4f35f7cbe854078d1ac9338744f61a02 -> 
  custom:container-demuxer-ogg: 62fdf1f143b41e24485cea50d1cbac27 -> 
  custom:video-encoder-webm-vp8: eb34c28f22e8b96e1ab97ce403110664 -> 
  custom:video-decoder-webm-vp8: 9c59270c3fd7afecdb556c50c9e8de78 -> 
  custom:graphics/normal-map-encoding: 01000000000000000000000000000000 -> 02000000000000000000000000000000
  custom:audio-decoder-ogg-vorbis: bf7c407c2cedff20999df2af8eb42d56 -> 
  custom:audio-encoder-webm-vorbis: bf7c407c2cedff20999df2af8eb42d56 -> 
========================================================================
Received Import Request.
  Time since last request: 123.637497 seconds.
  path: Assets/AR Default Face.prefab
  artifactKey: Guid(e5e9c3d043d5bac49b31801faafb45d9) Importer(815301076,1909f56bfc062723c751e8b465ee728b)
Start importing Assets/AR Default Face.prefab using Guid(e5e9c3d043d5bac49b31801faafb45d9) Importer(815301076,1909f56bfc062723c751e8b465ee728b)  -> (artifact id: '785763013c232bbcfdd83fd67204592f') in 0.045041 seconds 
  Import took 0.049146 seconds .

========================================================================
Received Import Request.
  Time since last request: 0.231193 seconds.
  path: Assets/AR Default Face.prefab
  artifactKey: Guid(e5e9c3d043d5bac49b31801faafb45d9) Importer(815301076,1909f56bfc062723c751e8b465ee728b)
Start importing Assets/AR Default Face.prefab using Guid(e5e9c3d043d5bac49b31801faafb45d9) Importer(815301076,1909f56bfc062723c751e8b465ee728b)  -> (artifact id: '785763013c232bbcfdd83fd67204592f') in 0.010338 seconds 
  Import took 0.017898 seconds .

========================================================================
Received Import Request.
  Time since last request: 9.513521 seconds.
  path: Assets/XR
  artifactKey: Guid(f1e710d7a0256aa4fb67df510a8480ee) Importer(815301076,1909f56bfc062723c751e8b465ee728b)
Start importing Assets/XR using Guid(f1e710d7a0256aa4fb67df510a8480ee) Importer(815301076,1909f56bfc062723c751e8b465ee728b)  -> (artifact id: '801ebb1c0295469f3bfe5a0bd71e415f') in 0.011686 seconds 
  Import took 0.015425 seconds .

========================================================================
Received Import Request.
  Time since last request: 0.959666 seconds.
  path: Assets/XR/Loaders
  artifactKey: Guid(ad0ed79b7a274cc4eb725a05a4a725fc) Importer(815301076,1909f56bfc062723c751e8b465ee728b)
Start importing Assets/XR/Loaders using Guid(ad0ed79b7a274cc4eb725a05a4a725fc) Importer(815301076,1909f56bfc062723c751e8b465ee728b)  -> (artifact id: '8c52e47ade61647e1868b737ddec0775') in 0.009497 seconds 
  Import took 0.015696 seconds .

========================================================================
Received Import Request.
  Time since last request: 3.596649 seconds.
  path: Assets/XR/Settings
  artifactKey: Guid(03c0044f0f0375b40b792f5ea22dc478) Importer(815301076,1909f56bfc062723c751e8b465ee728b)
Start importing Assets/XR/Settings using Guid(03c0044f0f0375b40b792f5ea22dc478) Importer(815301076,1909f56bfc062723c751e8b465ee728b)  -> (artifact id: 'cfb1621d1791a6d0dffbb01f40f381f0') in 0.010546 seconds 
  Import took 0.014553 seconds .

========================================================================
Received Import Request.
  Time since last request: 0.022354 seconds.
  path: Assets/XR/Settings/AR Kit Loader Settings.asset
  artifactKey: Guid(c66b356e7389f3a488829b8fb22b0695) Importer(815301076,1909f56bfc062723c751e8b465ee728b)
Start importing Assets/XR/Settings/AR Kit Loader Settings.asset using Guid(c66b356e7389f3a488829b8fb22b0695) Importer(815301076,1909f56bfc062723c751e8b465ee728b)  -> (artifact id: '888de4a532d1c6aba961a812ff3f7ead') in 0.016081 seconds 
  Import took 0.022697 seconds .

========================================================================
Received Prepare
Refreshing native plugins compatible for Editor in 2.66 ms, found 2 plugins.
Preloading 0 native plugins for Editor in 0.00 ms.
Unloading 14 Unused Serialized files (Serialized files now loaded: 0)
System memory in use before: 52.6 MB.
System memory in use after: 52.7 MB.

Unloading 14 unused Assets to reduce memory usage. Loaded Objects now: 2252.
Total: 4.177300 ms (FindLiveObjects: 0.254300 ms CreateObjectMapping: 0.088400 ms MarkObjects: 3.748000 ms  DeleteObjects: 0.085500 ms)

AssetImportParameters requested are different than current active one (requested -> active):
  custom:framework-win-MediaFoundation: 216162199b28c13a410421893ffa2e32 -> 
  custom:video-decoder-ogg-theora: a1e56fd34408186e4bbccfd4996cb3dc -> 
  custom:container-muxer-webm: aa71ff27fc2769a1b78a27578f13a17b -> 
  custom:container-demuxer-webm: 4f35f7cbe854078d1ac9338744f61a02 -> 
  custom:container-demuxer-ogg: 62fdf1f143b41e24485cea50d1cbac27 -> 
  custom:video-encoder-webm-vp8: eb34c28f22e8b96e1ab97ce403110664 -> 
  custom:video-decoder-webm-vp8: 9c59270c3fd7afecdb556c50c9e8de78 -> 
  custom:audio-decoder-ogg-vorbis: bf7c407c2cedff20999df2af8eb42d56 -> 
  custom:audio-encoder-webm-vorbis: bf7c407c2cedff20999df2af8eb42d56 -> 
========================================================================
Received Import Request.
  Time since last request: 69.584731 seconds.
  path: Assets/XR/Settings/AR Core Settings.asset
  artifactKey: Guid(ebef88b8bd014a843acf84d71d06b977) Importer(815301076,1909f56bfc062723c751e8b465ee728b)
Start importing Assets/XR/Settings/AR Core Settings.asset using Guid(ebef88b8bd014a843acf84d71d06b977) Importer(815301076,1909f56bfc062723c751e8b465ee728b)  -> (artifact id: '6fe31b99055fb13e5e16ce29d1801608') in 0.014981 seconds 
  Import took 0.019559 seconds .

========================================================================
Received Import Request.
  Time since last request: 1.801887 seconds.
  path: Assets/XR/Settings/AR Core Settings.asset
  artifactKey: Guid(ebef88b8bd014a843acf84d71d06b977) Importer(815301076,1909f56bfc062723c751e8b465ee728b)
Start importing Assets/XR/Settings/AR Core Settings.asset using Guid(ebef88b8bd014a843acf84d71d06b977) Importer(815301076,1909f56bfc062723c751e8b465ee728b)  -> (artifact id: '6fe31b99055fb13e5e16ce29d1801608') in 0.022925 seconds 
  Import took 0.026677 seconds .

========================================================================
Received Prepare
Refreshing native plugins compatible for Editor in 7.54 ms, found 2 plugins.
Preloading 0 native plugins for Editor in 0.00 ms.
Unloading 14 Unused Serialized files (Serialized files now loaded: 0)
System memory in use before: 52.6 MB.
System memory in use after: 52.7 MB.

Unloading 13 unused Assets to reduce memory usage. Loaded Objects now: 2253.
Total: 16.697800 ms (FindLiveObjects: 0.439000 ms CreateObjectMapping: 0.178700 ms MarkObjects: 15.952400 ms  DeleteObjects: 0.124500 ms)

AssetImportParameters requested are different than current active one (requested -> active):
  custom:framework-win-MediaFoundation: 216162199b28c13a410421893ffa2e32 -> 
  custom:video-decoder-ogg-theora: a1e56fd34408186e4bbccfd4996cb3dc -> 
  custom:container-muxer-webm: aa71ff27fc2769a1b78a27578f13a17b -> 
  custom:container-demuxer-webm: 4f35f7cbe854078d1ac9338744f61a02 -> 
  custom:container-demuxer-ogg: 62fdf1f143b41e24485cea50d1cbac27 -> 
  custom:video-encoder-webm-vp8: eb34c28f22e8b96e1ab97ce403110664 -> 
  custom:video-decoder-webm-vp8: 9c59270c3fd7afecdb556c50c9e8de78 -> 
  custom:audio-decoder-ogg-vorbis: bf7c407c2cedff20999df2af8eb42d56 -> 
  custom:audio-encoder-webm-vorbis: bf7c407c2cedff20999df2af8eb42d56 -> 
========================================================================
Received Import Request.
  Time since last request: 642.458912 seconds.
  path: Assets/XR/XRGeneralSettings.asset
  artifactKey: Guid(5e9c585c123d1c6448745f59dd64e65b) Importer(815301076,1909f56bfc062723c751e8b465ee728b)
Start importing Assets/XR/XRGeneralSettings.asset using Guid(5e9c585c123d1c6448745f59dd64e65b) Importer(815301076,1909f56bfc062723c751e8b465ee728b)  -> (artifact id: 'b417a08c9754fdf3919a59fde72625ba') in 0.015744 seconds 
  Import took 0.019637 seconds .

========================================================================
Received Prepare
Refreshing native plugins compatible for Editor in 15.71 ms, found 2 plugins.
Preloading 0 native plugins for Editor in 0.00 ms.
Unloading 13 Unused Serialized files (Serialized files now loaded: 0)
System memory in use before: 52.6 MB.
System memory in use after: 52.6 MB.

Unloading 13 unused Assets to reduce memory usage. Loaded Objects now: 2253.
Total: 31.271600 ms (FindLiveObjects: 1.059700 ms CreateObjectMapping: 0.167400 ms MarkObjects: 29.939600 ms  DeleteObjects: 0.102300 ms)

AssetImportParameters requested are different than current active one (requested -> active):
  custom:framework-win-MediaFoundation: 216162199b28c13a410421893ffa2e32 -> 
  custom:video-decoder-ogg-theora: a1e56fd34408186e4bbccfd4996cb3dc -> 
  custom:container-muxer-webm: aa71ff27fc2769a1b78a27578f13a17b -> 
  custom:container-demuxer-webm: 4f35f7cbe854078d1ac9338744f61a02 -> 
  custom:container-demuxer-ogg: 62fdf1f143b41e24485cea50d1cbac27 -> 
  custom:video-encoder-webm-vp8: eb34c28f22e8b96e1ab97ce403110664 -> 
  custom:video-decoder-webm-vp8: 9c59270c3fd7afecdb556c50c9e8de78 -> 
  custom:audio-decoder-ogg-vorbis: bf7c407c2cedff20999df2af8eb42d56 -> 
  custom:audio-encoder-webm-vorbis: bf7c407c2cedff20999df2af8eb42d56 -> 
========================================================================
Received Prepare
Refreshing native plugins compatible for Editor in 2.47 ms, found 2 plugins.
Preloading 0 native plugins for Editor in 0.00 ms.
Unloading 13 Unused Serialized files (Serialized files now loaded: 0)
System memory in use before: 52.6 MB.
System memory in use after: 52.6 MB.

Unloading 13 unused Assets to reduce memory usage. Loaded Objects now: 2253.
Total: 4.509600 ms (FindLiveObjects: 0.191200 ms CreateObjectMapping: 0.067700 ms MarkObjects: 4.188500 ms  DeleteObjects: 0.060800 ms)

AssetImportParameters requested are different than current active one (requested -> active):
  custom:framework-win-MediaFoundation: 216162199b28c13a410421893ffa2e32 -> 
  custom:video-decoder-ogg-theora: a1e56fd34408186e4bbccfd4996cb3dc -> 
  custom:container-muxer-webm: aa71ff27fc2769a1b78a27578f13a17b -> 
  custom:container-demuxer-webm: 4f35f7cbe854078d1ac9338744f61a02 -> 
  custom:container-demuxer-ogg: 62fdf1f143b41e24485cea50d1cbac27 -> 
  custom:video-encoder-webm-vp8: eb34c28f22e8b96e1ab97ce403110664 -> 
  custom:video-decoder-webm-vp8: 9c59270c3fd7afecdb556c50c9e8de78 -> 
  custom:audio-decoder-ogg-vorbis: bf7c407c2cedff20999df2af8eb42d56 -> 
  custom:audio-encoder-webm-vorbis: bf7c407c2cedff20999df2af8eb42d56 -> 
========================================================================
Received Prepare
Refreshing native plugins compatible for Editor in 5.30 ms, found 2 plugins.
Preloading 0 native plugins for Editor in 0.00 ms.
Unloading 13 Unused Serialized files (Serialized files now loaded: 0)
System memory in use before: 52.6 MB.
System memory in use after: 52.6 MB.

Unloading 13 unused Assets to reduce memory usage. Loaded Objects now: 2253.
Total: 3.417000 ms (FindLiveObjects: 0.205600 ms CreateObjectMapping: 0.068600 ms MarkObjects: 3.085900 ms  DeleteObjects: 0.056000 ms)

AssetImportParameters requested are different than current active one (requested -> active):
  custom:framework-win-MediaFoundation: 216162199b28c13a410421893ffa2e32 -> 
  custom:video-decoder-ogg-theora: a1e56fd34408186e4bbccfd4996cb3dc -> 
  custom:container-muxer-webm: aa71ff27fc2769a1b78a27578f13a17b -> 
  custom:container-demuxer-webm: 4f35f7cbe854078d1ac9338744f61a02 -> 
  custom:container-demuxer-ogg: 62fdf1f143b41e24485cea50d1cbac27 -> 
  custom:video-encoder-webm-vp8: eb34c28f22e8b96e1ab97ce403110664 -> 
  custom:video-decoder-webm-vp8: 9c59270c3fd7afecdb556c50c9e8de78 -> 
  custom:audio-decoder-ogg-vorbis: bf7c407c2cedff20999df2af8eb42d56 -> 
  custom:audio-encoder-webm-vorbis: bf7c407c2cedff20999df2af8eb42d56 -> 
========================================================================
Received Prepare
Registering precompiled user dll's ...
Registered in 0.056302 seconds.
Begin MonoManager ReloadAssembly
Native extension for WindowsStandalone target not found
Native extension for WebGL target not found
Refreshing native plugins compatible for Editor in 1.20 ms, found 2 plugins.
Preloading 0 native plugins for Editor in 0.00 ms.
Mono: successfully reloaded assembly
- Completed reload, in  3.103 seconds
Domain Reload Profiling:
	ReloadAssembly (3103ms)
		BeginReloadAssembly (184ms)
			ExecutionOrderSort (0ms)
			DisableScriptedObjects (7ms)
			BackupInstance (0ms)
			ReleaseScriptingObjects (0ms)
			CreateAndSetChildDomain (50ms)
		EndReloadAssembly (2827ms)
			LoadAssemblies (244ms)
			RebuildTransferFunctionScriptingTraits (0ms)
			SetupTypeCache (435ms)
			ReleaseScriptCaches (1ms)
			RebuildScriptCaches (51ms)
			SetupLoadedEditorAssemblies (1452ms)
				LogAssemblyErrors (0ms)
				InitializePlatformSupportModulesInManaged (31ms)
				SetLoadedEditorAssemblies (1ms)
				RefreshPlugins (2ms)
				BeforeProcessingInitializeOnLoad (358ms)
				ProcessInitializeOnLoadAttributes (1052ms)
				ProcessInitializeOnLoadMethodAttributes (4ms)
				AfterProcessingInitializeOnLoad (4ms)
				EditorAssembliesLoaded (0ms)
			ExecutionOrderSort2 (0ms)
			AwakeInstancesAfterBackupRestoration (9ms)
Platform modules already initialized, skipping
Switching build target platform(19) subTarget(0) extendedPlatform(0) -> platform(13) subTarget(524288) extendedPlatform(0)
Refreshing native plugins compatible for Editor in 0.46 ms, found 2 plugins.
Preloading 0 native plugins for Editor in 0.00 ms.
Unloading 1816 Unused Serialized files (Serialized files now loaded: 0)
System memory in use before: 88.5 MB.
System memory in use after: 88.6 MB.

Unloading 16 unused Assets to reduce memory usage. Loaded Objects now: 2271.
Total: 4.147800 ms (FindLiveObjects: 0.228500 ms CreateObjectMapping: 0.082200 ms MarkObjects: 3.752800 ms  DeleteObjects: 0.082500 ms)

AssetImportParameters requested are different than current active one (requested -> active):
  custom:framework-win-MediaFoundation: 216162199b28c13a410421893ffa2e32 -> 
  custom:video-decoder-ogg-theora: a1e56fd34408186e4bbccfd4996cb3dc -> 
  custom:container-muxer-webm: aa71ff27fc2769a1b78a27578f13a17b -> 
  custom:container-demuxer-webm: 4f35f7cbe854078d1ac9338744f61a02 -> 
  custom:container-demuxer-ogg: 62fdf1f143b41e24485cea50d1cbac27 -> 
  custom:video-encoder-webm-vp8: eb34c28f22e8b96e1ab97ce403110664 -> 
  custom:video-decoder-webm-vp8: 9c59270c3fd7afecdb556c50c9e8de78 -> 
  custom:graphics/normal-map-encoding: 01000000000000000000000000000000 -> 02000000000000000000000000000000
  custom:audio-decoder-ogg-vorbis: bf7c407c2cedff20999df2af8eb42d56 -> 
  custom:audio-encoder-webm-vorbis: bf7c407c2cedff20999df2af8eb42d56 -> 
========================================================================
Received Prepare
Refreshing native plugins compatible for Editor in 173.42 ms, found 2 plugins.
Preloading 0 native plugins for Editor in 0.00 ms.
Unloading 13 Unused Serialized files (Serialized files now loaded: 0)
System memory in use before: 52.6 MB.
System memory in use after: 52.7 MB.

Unloading 13 unused Assets to reduce memory usage. Loaded Objects now: 2271.
Total: 3.620800 ms (FindLiveObjects: 0.235300 ms CreateObjectMapping: 0.074000 ms MarkObjects: 3.248600 ms  DeleteObjects: 0.060400 ms)

AssetImportParameters requested are different than current active one (requested -> active):
  custom:framework-win-MediaFoundation: 216162199b28c13a410421893ffa2e32 -> 
  custom:video-decoder-ogg-theora: a1e56fd34408186e4bbccfd4996cb3dc -> 
  custom:container-muxer-webm: aa71ff27fc2769a1b78a27578f13a17b -> 
  custom:container-demuxer-webm: 4f35f7cbe854078d1ac9338744f61a02 -> 
  custom:container-demuxer-ogg: 62fdf1f143b41e24485cea50d1cbac27 -> 
  custom:video-encoder-webm-vp8: eb34c28f22e8b96e1ab97ce403110664 -> 
  custom:video-decoder-webm-vp8: 9c59270c3fd7afecdb556c50c9e8de78 -> 
  custom:audio-decoder-ogg-vorbis: bf7c407c2cedff20999df2af8eb42d56 -> 
  custom:audio-encoder-webm-vorbis: bf7c407c2cedff20999df2af8eb42d56 -> 
========================================================================
Received Import Request.
  Time since last request: 816.812616 seconds.
  path: Assets/Scenes
  artifactKey: Guid(e9844ae9740dd3044892ce0e7b331960) Importer(815301076,1909f56bfc062723c751e8b465ee728b)
Start importing Assets/Scenes using Guid(e9844ae9740dd3044892ce0e7b331960) Importer(815301076,1909f56bfc062723c751e8b465ee728b)  -> (artifact id: '8337f6377713b986d989fcf3960849d3') in 0.012518 seconds 
  Import took 0.016307 seconds .

========================================================================
Received Prepare
Refreshing native plugins compatible for Editor in 4.23 ms, found 2 plugins.
Preloading 0 native plugins for Editor in 0.00 ms.
Unloading 13 Unused Serialized files (Serialized files now loaded: 0)
System memory in use before: 52.7 MB.
System memory in use after: 52.7 MB.

Unloading 13 unused Assets to reduce memory usage. Loaded Objects now: 2271.
Total: 4.578100 ms (FindLiveObjects: 0.336200 ms CreateObjectMapping: 0.124600 ms MarkObjects: 4.049000 ms  DeleteObjects: 0.066300 ms)

AssetImportParameters requested are different than current active one (requested -> active):
  custom:framework-win-MediaFoundation: 216162199b28c13a410421893ffa2e32 -> 
  custom:video-decoder-ogg-theora: a1e56fd34408186e4bbccfd4996cb3dc -> 
  custom:container-muxer-webm: aa71ff27fc2769a1b78a27578f13a17b -> 
  custom:container-demuxer-webm: 4f35f7cbe854078d1ac9338744f61a02 -> 
  custom:container-demuxer-ogg: 62fdf1f143b41e24485cea50d1cbac27 -> 
  custom:video-encoder-webm-vp8: eb34c28f22e8b96e1ab97ce403110664 -> 
  custom:video-decoder-webm-vp8: 9c59270c3fd7afecdb556c50c9e8de78 -> 
  custom:audio-decoder-ogg-vorbis: bf7c407c2cedff20999df2af8eb42d56 -> 
  custom:audio-encoder-webm-vorbis: bf7c407c2cedff20999df2af8eb42d56 -> 
========================================================================
Received Prepare
Refreshing native plugins compatible for Editor in 3.05 ms, found 2 plugins.
Preloading 0 native plugins for Editor in 0.00 ms.
Unloading 13 Unused Serialized files (Serialized files now loaded: 0)
System memory in use before: 52.7 MB.
System memory in use after: 52.7 MB.

Unloading 13 unused Assets to reduce memory usage. Loaded Objects now: 2271.
Total: 3.558000 ms (FindLiveObjects: 0.218100 ms CreateObjectMapping: 0.072800 ms MarkObjects: 3.199100 ms  DeleteObjects: 0.066700 ms)

AssetImportParameters requested are different than current active one (requested -> active):
  custom:framework-win-MediaFoundation: 216162199b28c13a410421893ffa2e32 -> 
  custom:video-decoder-ogg-theora: a1e56fd34408186e4bbccfd4996cb3dc -> 
  custom:container-muxer-webm: aa71ff27fc2769a1b78a27578f13a17b -> 
  custom:container-demuxer-webm: 4f35f7cbe854078d1ac9338744f61a02 -> 
  custom:container-demuxer-ogg: 62fdf1f143b41e24485cea50d1cbac27 -> 
  custom:video-encoder-webm-vp8: eb34c28f22e8b96e1ab97ce403110664 -> 
  custom:video-decoder-webm-vp8: 9c59270c3fd7afecdb556c50c9e8de78 -> 
  custom:audio-decoder-ogg-vorbis: bf7c407c2cedff20999df2af8eb42d56 -> 
  custom:audio-encoder-webm-vorbis: bf7c407c2cedff20999df2af8eb42d56 -> 
========================================================================
Received Import Request.
  Time since last request: 634.426578 seconds.
  path: Assets
  artifactKey: Guid(00000000000000001000000000000000) Importer(815301076,1909f56bfc062723c751e8b465ee728b)
Start importing Assets using Guid(00000000000000001000000000000000) Importer(815301076,1909f56bfc062723c751e8b465ee728b)  -> (artifact id: '42d402b061de3733987d63b9cc3b64de') in 0.010554 seconds 
  Import took 0.015024 seconds .

========================================================================
Received Import Request.
  Time since last request: 5.143817 seconds.
  path: Assets/Prefabs
  artifactKey: Guid(c9a4d2abc1c878342908132a1d4a4166) Importer(815301076,1909f56bfc062723c751e8b465ee728b)
Start importing Assets/Prefabs using Guid(c9a4d2abc1c878342908132a1d4a4166) Importer(815301076,1909f56bfc062723c751e8b465ee728b)  -> (artifact id: '96120e996c627b04e4402fd4ea05f9e5') in 0.009085 seconds 
  Import took 0.020500 seconds .

========================================================================
Received Import Request.
  Time since last request: 7.506715 seconds.
  path: Assets/Materials
  artifactKey: Guid(d0e6a35e847e0404eb8da0d43e1989db) Importer(815301076,1909f56bfc062723c751e8b465ee728b)
Start importing Assets/Materials using Guid(d0e6a35e847e0404eb8da0d43e1989db) Importer(815301076,1909f56bfc062723c751e8b465ee728b)  -> (artifact id: '88fb0b473c2ff721518f2aa8c3c5af83') in 0.010750 seconds 
  Import took 0.014958 seconds .

========================================================================
Received Import Request.
  Time since last request: 6.183030 seconds.
  path: Assets/Texture
  artifactKey: Guid(8553505c0a9281a43a1356bb8211fbb1) Importer(815301076,1909f56bfc062723c751e8b465ee728b)
Start importing Assets/Texture using Guid(8553505c0a9281a43a1356bb8211fbb1) Importer(815301076,1909f56bfc062723c751e8b465ee728b)  -> (artifact id: '5284fece783ab0eec6491f9eb816b32b') in 0.024359 seconds 
  Import took 0.027966 seconds .

========================================================================
Received Import Request.
  Time since last request: 28.219525 seconds.
  path: Assets/Materials/FaceMaterials.mat
  artifactKey: Guid(3b7097e456c92f74e982726380b02558) Importer(815301076,1909f56bfc062723c751e8b465ee728b)
Start importing Assets/Materials/FaceMaterials.mat using Guid(3b7097e456c92f74e982726380b02558) Importer(815301076,1909f56bfc062723c751e8b465ee728b)  -> (artifact id: 'd25defd326a0678ff06229cdbd35eff3') in 2.636189 seconds 
  Import took 2.658870 seconds .

========================================================================
Received Import Request.
  Time since last request: 14.474025 seconds.
  path: Assets/Texture/woodenTexture.jpg
  artifactKey: Guid(6997342e084d6d84386ccf8ef9d9e5dc) Importer(815301076,1909f56bfc062723c751e8b465ee728b)
Start importing Assets/Texture/woodenTexture.jpg using Guid(6997342e084d6d84386ccf8ef9d9e5dc) Importer(815301076,1909f56bfc062723c751e8b465ee728b)  -> (artifact id: '176739750afa083c7e90a8d8c6afdbff') in 0.218352 seconds 
  Import took 0.272538 seconds .

========================================================================
Received Import Request.
  Time since last request: 0.099649 seconds.
  path: Assets/Texture/woodenTexture.jpg
  artifactKey: Guid(6997342e084d6d84386ccf8ef9d9e5dc) Importer(815301076,1909f56bfc062723c751e8b465ee728b)
Start importing Assets/Texture/woodenTexture.jpg using Guid(6997342e084d6d84386ccf8ef9d9e5dc) Importer(815301076,1909f56bfc062723c751e8b465ee728b)  -> (artifact id: '176739750afa083c7e90a8d8c6afdbff') in 0.031089 seconds 
  Import took 0.042532 seconds .

========================================================================
Received Import Request.
  Time since last request: 32.774590 seconds.
  path: Assets/Materials/FaceMaterials.mat
  artifactKey: Guid(3b7097e456c92f74e982726380b02558) Importer(815301076,1909f56bfc062723c751e8b465ee728b)
Start importing Assets/Materials/FaceMaterials.mat using Guid(3b7097e456c92f74e982726380b02558) Importer(815301076,1909f56bfc062723c751e8b465ee728b)  -> (artifact id: '41c168d2e8688f45fe50063c705a0217') in 0.028976 seconds 
  Import took 0.083248 seconds .

========================================================================
Received Prepare
Refreshing native plugins compatible for Editor in 5.22 ms, found 2 plugins.
Preloading 0 native plugins for Editor in 0.00 ms.
Unloading 13 Unused Serialized files (Serialized files now loaded: 0)
System memory in use before: 56.2 MB.
System memory in use after: 56.3 MB.

Unloading 13 unused Assets to reduce memory usage. Loaded Objects now: 2312.
Total: 6.824200 ms (FindLiveObjects: 0.393400 ms CreateObjectMapping: 0.145400 ms MarkObjects: 5.788500 ms  DeleteObjects: 0.493000 ms)

AssetImportParameters requested are different than current active one (requested -> active):
  custom:framework-win-MediaFoundation: 216162199b28c13a410421893ffa2e32 -> 
  custom:video-decoder-ogg-theora: a1e56fd34408186e4bbccfd4996cb3dc -> 
  custom:container-muxer-webm: aa71ff27fc2769a1b78a27578f13a17b -> 
  custom:container-demuxer-webm: 4f35f7cbe854078d1ac9338744f61a02 -> 
  custom:container-demuxer-ogg: 62fdf1f143b41e24485cea50d1cbac27 -> 
  custom:video-encoder-webm-vp8: eb34c28f22e8b96e1ab97ce403110664 -> 
  custom:video-decoder-webm-vp8: 9c59270c3fd7afecdb556c50c9e8de78 -> 
  custom:audio-decoder-ogg-vorbis: bf7c407c2cedff20999df2af8eb42d56 -> 
  custom:audio-encoder-webm-vorbis: bf7c407c2cedff20999df2af8eb42d56 -> 
AssetImportWorkerClient::OnTransportError - code=2 error=End of file
